<?xml version="1.0" encoding="UTF-8"?>
<testng-results skipped="0" failed="0" ignored="0" total="1" passed="1">
  <reporter-output>
  </reporter-output>
  <suite name="Default suite" duration-ms="21364" started-at="2020-06-18T07:57:27Z" finished-at="2020-06-18T07:57:48Z">
    <groups>
    </groups>
    <test name="Default test" duration-ms="21364" started-at="2020-06-18T07:57:27Z" finished-at="2020-06-18T07:57:48Z">
      <class name="newConcepts.BootstrapDropDown">
        <test-method status="PASS" signature="bootstrapDropdown()[pri:0, instance:newConcepts.BootstrapDropDown@548b7f67]" name="bootstrapDropdown" duration-ms="21337" started-at="2020-06-18T13:27:27Z" finished-at="2020-06-18T13:27:48Z">
          <reporter-output>
          </reporter-output>
        </test-method> <!-- bootstrapDropdown -->
      </class> <!-- newConcepts.BootstrapDropDown -->
    </test> <!-- Default test -->
  </suite> <!-- Default suite -->
</testng-results>
